<?xml version="1.0" encoding="UTF-8"?>
<!-- Generated by org.testng.reporters.JUnitReportReporter -->
<testsuite skipped="0" hostname="LTB0206672-MAC.local" name="Testclasses.atvsample" tests="1" failures="0" timestamp="04 Jul 2018 11:01:17 GMT" time="39.142" errors="0">
  <testcase name="login" time="39.142" classname="Testclasses.atvsample"/>
</testsuite> <!-- Testclasses.atvsample -->
