<?xml version="1.0" encoding="UTF-8"?>
<!-- Generated by org.testng.reporters.JUnitReportReporter -->
<testsuite skipped="0" hostname="LTB0206672-MAC.local" name="Util.TestNG" tests="1" failures="0" timestamp="03 Jul 2018 06:46:00 GMT" time="44.126" errors="0">
  <testcase name="login" time="44.126" classname="Util.TestNG"/>
</testsuite> <!-- Util.TestNG -->
